<?xml version="1.0" encoding="utf-8"?><testsuites name="pytest tests"><testsuite name="pytest" errors="0" failures="0" skipped="5" tests="9" time="11.812" timestamp="2026-02-27T07:19:48.861750+00:00" hostname="agent-env-93ad3548-a4d4-4728-a367-348a664be623"><testcase classname="backend.tests.test_incentives.TestCounsellorIncentives" name="test_counsellor_incentives_endpoint_structure" time="1.128"><skipped type="pytest.skip" message="Counsellor login failed: 401">/app/backend/tests/test_incentives.py:46: Counsellor login failed: 401</skipped></testcase><testcase classname="backend.tests.test_incentives.TestCounsellorIncentives" name="test_counsellor_incentives_requires_auth" time="1.094"><skipped type="pytest.skip" message="Counsellor login failed: 401">/app/backend/tests/test_incentives.py:83: Counsellor login failed: 401</skipped></testcase><testcase classname="backend.tests.test_incentives.TestCounsellorIncentives" name="test_branch_admin_incentive_stats_structure" time="0.870"><skipped type="pytest.skip" message="Counsellor login failed: 401">/app/backend/tests/test_incentives.py:89: Counsellor login failed: 401</skipped></testcase><testcase classname="backend.tests.test_incentives.TestCounsellorIncentives" name="test_branch_admin_incentive_stats_requires_admin_role" time="0.905"><skipped type="pytest.skip" message="Counsellor login failed: 401">/app/backend/tests/test_incentives.py:131: Counsellor login failed: 401</skipped></testcase><testcase classname="backend.tests.test_incentives.TestCounsellorIncentives" name="test_branch_admin_incentive_stats_requires_auth" time="0.905"><skipped type="pytest.skip" message="Counsellor login failed: 401">/app/backend/tests/test_incentives.py:143: Counsellor login failed: 401</skipped></testcase><testcase classname="backend.tests.test_incentives.TestExamBookingIncentiveFlow" name="test_get_exam_bookings_endpoint" time="1.671" /><testcase classname="backend.tests.test_incentives.TestExamBookingIncentiveFlow" name="test_exam_booking_status_update_endpoint_exists" time="1.614" /><testcase classname="backend.tests.test_incentives.TestExamBookingIncentiveFlow" name="test_refund_endpoint_exists" time="1.609" /><testcase classname="backend.tests.test_incentives.TestManageExamsPage" name="test_exam_bookings_contain_incentive_refund_fields" time="1.947" /></testsuite></testsuites>