<?xml version="1.0" encoding="utf-8"?><testsuites name="pytest tests"><testsuite name="pytest" errors="0" failures="0" skipped="0" tests="9" time="12.757" timestamp="2026-02-27T07:21:59.217470+00:00" hostname="agent-env-93ad3548-a4d4-4728-a367-348a664be623"><testcase classname="backend.tests.test_incentives" name="test_counsellor_incentives_endpoint_structure" time="1.969" /><testcase classname="backend.tests.test_incentives" name="test_counsellor_incentives_requires_auth" time="0.668" /><testcase classname="backend.tests.test_incentives" name="test_branch_admin_incentive_stats_structure" time="1.571" /><testcase classname="backend.tests.test_incentives" name="test_branch_admin_incentive_stats_requires_admin_role" time="1.569" /><testcase classname="backend.tests.test_incentives" name="test_branch_admin_incentive_stats_requires_auth" time="0.636" /><testcase classname="backend.tests.test_incentives" name="test_get_exam_bookings_endpoint" time="1.541" /><testcase classname="backend.tests.test_incentives" name="test_exam_booking_status_update_endpoint_exists" time="1.564" /><testcase classname="backend.tests.test_incentives" name="test_refund_endpoint_exists" time="1.568" /><testcase classname="backend.tests.test_incentives" name="test_exam_bookings_contain_incentive_refund_fields" time="1.622" /></testsuite></testsuites>