<?xml version="1.0" encoding="utf-8"?><testsuites name="pytest tests"><testsuite name="pytest" errors="0" failures="0" skipped="4" tests="8" time="12.590" timestamp="2026-02-28T08:31:31.791278+00:00" hostname="agent-env-96d4cc9a-e6e5-434a-b1d7-41fc475bdfd2"><testcase classname="backend.tests.test_iteration20_p2_features.TestTaskStatusUpdate" name="test_task_status_update_with_json_body" time="3.048" /><testcase classname="backend.tests.test_iteration20_p2_features.TestQuizQRCode" name="test_quiz_list_endpoint" time="1.637" /><testcase classname="backend.tests.test_iteration20_p2_features.TestQuizQRCode" name="test_quiz_qr_code_generation" time="2.389" /><testcase classname="backend.tests.test_iteration20_p2_features.TestAttendanceInsights" name="test_attendance_insights_branch_admin_access" time="1.613" /><testcase classname="backend.tests.test_iteration20_p2_features.TestAttendanceInsights" name="test_attendance_insights_trainer_denied" time="1.023"><skipped type="pytest.skip" message="Trainer login failed">/app/backend/tests/test_iteration20_p2_features.py:186: Trainer login failed</skipped></testcase><testcase classname="backend.tests.test_iteration20_p2_features.TestTrainerDashboard" name="test_trainer_dashboard_contains_passed_students" time="0.907"><skipped type="pytest.skip" message="Trainer login failed">/app/backend/tests/test_iteration20_p2_features.py:206: Trainer login failed</skipped></testcase><testcase classname="backend.tests.test_iteration20_p2_features.TestTrainerDashboard" name="test_trainer_batches" time="0.955"><skipped type="pytest.skip" message="Trainer login failed">/app/backend/tests/test_iteration20_p2_features.py:228: Trainer login failed</skipped></testcase><testcase classname="backend.tests.test_iteration20_p2_features.TestTrainerTasksAccess" name="test_trainer_can_access_tasks_endpoint" time="0.954"><skipped type="pytest.skip" message="Trainer login failed">/app/backend/tests/test_iteration20_p2_features.py:252: Trainer login failed</skipped></testcase></testsuite></testsuites>