<?xml version="1.0" encoding="utf-8"?><testsuites name="pytest tests"><testsuite name="pytest" errors="0" failures="3" skipped="13" tests="16" time="4.513" timestamp="2026-02-27T11:25:14.606858+00:00" hostname="agent-env-25dd7ca3-d2ec-4a95-b319-16d991432de8"><testcase classname="backend.tests.test_iteration17_features.TestAuthentication" name="test_fde_login" time="0.950"><failure message="AssertionError: FDE login failed: {&quot;detail&quot;:[{&quot;type&quot;:&quot;missing&quot;,&quot;loc&quot;:[&quot;body&quot;,&quot;username&quot;],&quot;msg&quot;:&quot;Field required&quot;,&quot;input&quot;:null,&quot;url&quot;:&quot;https://errors.pydantic.dev/2.12/v/missing&quot;},{&quot;type&quot;:&quot;missing&quot;,&quot;loc&quot;:[&quot;body&quot;,&quot;password&quot;],&quot;msg&quot;:&quot;Field required&quot;,&quot;input&quot;:null,&quot;url&quot;:&quot;https://errors.pydantic.dev/2.12/v/missing&quot;}]}&#10;assert 422 == 200&#10; +  where 422 = &lt;Response [422]&gt;.status_code">backend/tests/test_iteration17_features.py:81: in test_fde_login
    assert response.status_code == 200, f"FDE login failed: {response.text}"
E   AssertionError: FDE login failed: {"detail":[{"type":"missing","loc":["body","username"],"msg":"Field required","input":null,"url":"https://errors.pydantic.dev/2.12/v/missing"},{"type":"missing","loc":["body","password"],"msg":"Field required","input":null,"url":"https://errors.pydantic.dev/2.12/v/missing"}]}
E   assert 422 == 200
E    +  where 422 = &lt;Response [422]&gt;.status_code</failure></testcase><testcase classname="backend.tests.test_iteration17_features.TestAuthentication" name="test_branch_admin_login" time="0.855"><failure message="AssertionError: Branch Admin login failed: {&quot;detail&quot;:[{&quot;type&quot;:&quot;missing&quot;,&quot;loc&quot;:[&quot;body&quot;,&quot;username&quot;],&quot;msg&quot;:&quot;Field required&quot;,&quot;input&quot;:null,&quot;url&quot;:&quot;https://errors.pydantic.dev/2.12/v/missing&quot;},{&quot;type&quot;:&quot;missing&quot;,&quot;loc&quot;:[&quot;body&quot;,&quot;password&quot;],&quot;msg&quot;:&quot;Field required&quot;,&quot;input&quot;:null,&quot;url&quot;:&quot;https://errors.pydantic.dev/2.12/v/missing&quot;}]}&#10;assert 422 == 200&#10; +  where 422 = &lt;Response [422]&gt;.status_code">backend/tests/test_iteration17_features.py:93: in test_branch_admin_login
    assert response.status_code == 200, f"Branch Admin login failed: {response.text}"
E   AssertionError: Branch Admin login failed: {"detail":[{"type":"missing","loc":["body","username"],"msg":"Field required","input":null,"url":"https://errors.pydantic.dev/2.12/v/missing"},{"type":"missing","loc":["body","password"],"msg":"Field required","input":null,"url":"https://errors.pydantic.dev/2.12/v/missing"}]}
E   assert 422 == 200
E    +  where 422 = &lt;Response [422]&gt;.status_code</failure></testcase><testcase classname="backend.tests.test_iteration17_features.TestAuthentication" name="test_counsellor_login" time="0.640"><failure message="AssertionError: Counsellor login failed: {&quot;detail&quot;:[{&quot;type&quot;:&quot;missing&quot;,&quot;loc&quot;:[&quot;body&quot;,&quot;username&quot;],&quot;msg&quot;:&quot;Field required&quot;,&quot;input&quot;:null,&quot;url&quot;:&quot;https://errors.pydantic.dev/2.12/v/missing&quot;},{&quot;type&quot;:&quot;missing&quot;,&quot;loc&quot;:[&quot;body&quot;,&quot;password&quot;],&quot;msg&quot;:&quot;Field required&quot;,&quot;input&quot;:null,&quot;url&quot;:&quot;https://errors.pydantic.dev/2.12/v/missing&quot;}]}&#10;assert 422 == 200&#10; +  where 422 = &lt;Response [422]&gt;.status_code">backend/tests/test_iteration17_features.py:105: in test_counsellor_login
    assert response.status_code == 200, f"Counsellor login failed: {response.text}"
E   AssertionError: Counsellor login failed: {"detail":[{"type":"missing","loc":["body","username"],"msg":"Field required","input":null,"url":"https://errors.pydantic.dev/2.12/v/missing"},{"type":"missing","loc":["body","password"],"msg":"Field required","input":null,"url":"https://errors.pydantic.dev/2.12/v/missing"}]}
E   assert 422 == 200
E    +  where 422 = &lt;Response [422]&gt;.status_code</failure></testcase><testcase classname="backend.tests.test_iteration17_features.TestCashHandlingFDE" name="test_fde_can_get_today_cash" time="0.647"><skipped type="pytest.skip" message="FDE authentication failed - Status: 422">/app/backend/tests/test_iteration17_features.py:117: FDE authentication failed - Status: 422</skipped></testcase><testcase classname="backend.tests.test_iteration17_features.TestCashHandlingFDE" name="test_fde_can_submit_deposit_with_remarks" time="0.000"><skipped type="pytest.skip" message="FDE authentication failed - Status: 422">/app/backend/tests/test_iteration17_features.py:138: FDE authentication failed - Status: 422</skipped></testcase><testcase classname="backend.tests.test_iteration17_features.TestCashHandlingFDE" name="test_fde_can_submit_deposit_with_receipt_url" time="0.000"><skipped type="pytest.skip" message="FDE authentication failed - Status: 422">/app/backend/tests/test_iteration17_features.py:153: FDE authentication failed - Status: 422</skipped></testcase><testcase classname="backend.tests.test_iteration17_features.TestCashHandlingBranchAdmin" name="test_branch_admin_can_view_history" time="0.630"><skipped type="pytest.skip" message="Branch Admin authentication failed - Status: 422">/app/backend/tests/test_iteration17_features.py:176: Branch Admin authentication failed - Status: 422</skipped></testcase><testcase classname="backend.tests.test_iteration17_features.TestCashHandlingBranchAdmin" name="test_branch_admin_can_filter_history_by_date" time="0.000"><skipped type="pytest.skip" message="Branch Admin authentication failed - Status: 422">/app/backend/tests/test_iteration17_features.py:197: Branch Admin authentication failed - Status: 422</skipped></testcase><testcase classname="backend.tests.test_iteration17_features.TestCashHandlingAccessControl" name="test_counsellor_cannot_access_cash_history" time="0.646"><skipped type="pytest.skip" message="Counsellor authentication failed - Status: 422">/app/backend/tests/test_iteration17_features.py:220: Counsellor authentication failed - Status: 422</skipped></testcase><testcase classname="backend.tests.test_iteration17_features.TestStudentsPaymentPlan" name="test_get_students_with_has_payment_plan_field" time="0.000"><skipped type="pytest.skip" message="FDE authentication failed - Status: 422">/app/backend/tests/test_iteration17_features.py:236: FDE authentication failed - Status: 422</skipped></testcase><testcase classname="backend.tests.test_iteration17_features.TestStudentsPaymentPlan" name="test_find_student_without_plan" time="0.000"><skipped type="pytest.skip" message="FDE authentication failed - Status: 422">/app/backend/tests/test_iteration17_features.py:261: FDE authentication failed - Status: 422</skipped></testcase><testcase classname="backend.tests.test_iteration17_features.TestNotifications" name="test_get_notifications" time="0.000"><skipped type="pytest.skip" message="FDE authentication failed - Status: 422">/app/backend/tests/test_iteration17_features.py:286: FDE authentication failed - Status: 422</skipped></testcase><testcase classname="backend.tests.test_iteration17_features.TestNotifications" name="test_get_unread_notifications" time="0.000"><skipped type="pytest.skip" message="FDE authentication failed - Status: 422">/app/backend/tests/test_iteration17_features.py:304: FDE authentication failed - Status: 422</skipped></testcase><testcase classname="backend.tests.test_iteration17_features.TestFollowupReminders" name="test_get_followup_reminders" time="0.000"><skipped type="pytest.skip" message="Counsellor authentication failed - Status: 422">/app/backend/tests/test_iteration17_features.py:321: Counsellor authentication failed - Status: 422</skipped></testcase><testcase classname="backend.tests.test_iteration17_features.TestLeadConvertedNotification" name="test_notification_exists_for_lead_conversion" time="0.000"><skipped type="pytest.skip" message="FDE authentication failed - Status: 422">/app/backend/tests/test_iteration17_features.py:347: FDE authentication failed - Status: 422</skipped></testcase><testcase classname="backend.tests.test_iteration17_features.TestEnrollmentsPagePlanButton" name="test_get_enrollments_for_enrolled_tab" time="0.000"><skipped type="pytest.skip" message="FDE authentication failed - Status: 422">/app/backend/tests/test_iteration17_features.py:372: FDE authentication failed - Status: 422</skipped></testcase></testsuite></testsuites>