<?xml version="1.0" encoding="utf-8"?><testsuites name="pytest tests"><testsuite name="pytest" errors="0" failures="0" skipped="1" tests="18" time="22.316" timestamp="2026-02-20T16:08:57.496328+00:00" hostname="agent-env-1374769a-a61d-4575-b66e-1cffe964c5cb"><testcase classname="backend.tests.test_fde_features.TestAuthentication" name="test_admin_login" time="1.420" /><testcase classname="backend.tests.test_fde_features.TestExpenseCategories" name="test_get_expense_categories_empty_or_existing" time="1.846" /><testcase classname="backend.tests.test_fde_features.TestExpenseCategories" name="test_create_expense_category" time="0.653" /><testcase classname="backend.tests.test_fde_features.TestExpenseCategories" name="test_create_expense_category_utilities" time="0.658" /><testcase classname="backend.tests.test_fde_features.TestExpenses" name="test_get_expenses" time="0.667" /><testcase classname="backend.tests.test_fde_features.TestExpenses" name="test_create_expense_needs_category" time="1.320" /><testcase classname="backend.tests.test_fde_features.TestExpenses" name="test_expense_with_upi_payment" time="1.303" /><testcase classname="backend.tests.test_fde_features.TestConvertedLeads" name="test_get_converted_leads" time="0.658" /><testcase classname="backend.tests.test_fde_features.TestEnrollments" name="test_get_enrollments" time="0.649" /><testcase classname="backend.tests.test_fde_features.TestEnrollments" name="test_create_enrollment_from_converted_lead" time="0.654"><skipped type="pytest.skip" message="No converted leads available">/app/backend/tests/test_fde_features.py:225: No converted leads available</skipped></testcase><testcase classname="backend.tests.test_fde_features.TestEnrollments" name="test_enrollment_duplicate_prevention" time="1.333" /><testcase classname="backend.tests.test_fde_features.TestPaymentPlans" name="test_create_onetime_payment_plan" time="1.310" /><testcase classname="backend.tests.test_fde_features.TestPaymentPlans" name="test_payment_plan_duplicate_prevention" time="1.965" /><testcase classname="backend.tests.test_fde_features.TestPayments" name="test_record_payment" time="1.967" /><testcase classname="backend.tests.test_fde_features.TestPayments" name="test_get_enrollment_payments" time="1.311" /><testcase classname="backend.tests.test_fde_features.TestPayments" name="test_payment_with_different_modes" time="1.961" /><testcase classname="backend.tests.test_fde_features.TestPaymentReceipt" name="test_generate_receipt" time="1.945" /><testcase classname="backend.tests.test_fde_features.TestPrograms" name="test_get_programs" time="0.643" /></testsuite></testsuites>