<?xml version="1.0" encoding="utf-8"?><testsuites name="pytest tests"><testsuite name="pytest" errors="0" failures="0" skipped="0" tests="20" time="55.009" timestamp="2026-03-08T18:56:14.778600+00:00" hostname="agent-env-f5a43bc2-f26d-4449-b6e4-fb218dc7d125"><testcase classname="tests.test_iteration22.TestAuth" name="test_branch_admin_login" time="1.161" /><testcase classname="tests.test_iteration22.TestAuth" name="test_super_admin_login" time="1.114" /><testcase classname="tests.test_iteration22.TestAuth" name="test_academic_controller_login" time="1.486" /><testcase classname="tests.test_iteration22.TestMetaTabFix" name="test_meta_analytics_returns_correct_structure" time="13.079" /><testcase classname="tests.test_iteration22.TestInsightsPage" name="test_branch_insights_api" time="4.802" /><testcase classname="tests.test_iteration22.TestInsightsPage" name="test_user_efficiency_api" time="5.566" /><testcase classname="tests.test_iteration22.TestInsightsPage" name="test_followups_pending_api" time="1.827" /><testcase classname="tests.test_iteration22.TestInsightsPage" name="test_feedback_api" time="1.589" /><testcase classname="tests.test_iteration22.TestInsightsPage" name="test_campaigns_api" time="1.585" /><testcase classname="tests.test_iteration22.TestInsightsPage" name="test_audit_logs_api" time="2.453" /><testcase classname="tests.test_iteration22.TestResponsibilities" name="test_get_my_responsibilities" time="1.582" /><testcase classname="tests.test_iteration22.TestResponsibilities" name="test_get_all_responsibilities_super_admin" time="1.599" /><testcase classname="tests.test_iteration22.TestResponsibilities" name="test_create_responsibility_super_admin" time="2.298" /><testcase classname="tests.test_iteration22.TestQuizExams" name="test_get_quizzes" time="1.781" /><testcase classname="tests.test_iteration22.TestQuizExams" name="test_create_quiz" time="2.266" /><testcase classname="tests.test_iteration22.TestQuizExams" name="test_quiz_import_endpoint_exists" time="1.616" /><testcase classname="tests.test_iteration22.TestDeletedLeads" name="test_get_deleted_leads" time="1.576" /><testcase classname="tests.test_iteration22.TestDeletedLeads" name="test_delete_and_restore_lead" time="4.372" /><testcase classname="tests.test_iteration22.TestReports" name="test_generate_leads_report" time="1.577" /><testcase classname="tests.test_iteration22.TestReports" name="test_generate_enrollments_report" time="1.602" /></testsuite></testsuites>