<?xml version="1.0" encoding="utf-8"?><testsuites name="pytest tests"><testsuite name="pytest" errors="0" failures="0" skipped="0" tests="14" time="107.219" timestamp="2026-02-27T08:40:30.496579+00:00" hostname="agent-env-93ad3548-a4d4-4728-a367-348a664be623"><testcase classname="backend.tests.test_ai_insights.TestAIInsights" name="test_ai_insights_endpoint_accessible_for_branch_admin" time="7.939" /><testcase classname="backend.tests.test_ai_insights.TestAIInsights" name="test_ai_insights_endpoint_accessible_for_counsellor" time="8.374" /><testcase classname="backend.tests.test_ai_insights.TestAIInsights" name="test_ai_powered_flag_true_when_llm_available" time="7.936" /><testcase classname="backend.tests.test_ai_insights.TestAIInsights" name="test_insights_structure" time="8.517" /><testcase classname="backend.tests.test_ai_insights.TestAIInsights" name="test_recommendations_included" time="8.087" /><testcase classname="backend.tests.test_ai_insights.TestAIInsights" name="test_health_score_calculation" time="8.579" /><testcase classname="backend.tests.test_ai_insights.TestAIInsights" name="test_summary_contains_required_fields" time="7.714" /><testcase classname="backend.tests.test_ai_insights.TestAIInsights" name="test_status_breakdown_included" time="8.450" /><testcase classname="backend.tests.test_ai_insights.TestAIInsights" name="test_source_breakdown_included" time="7.135" /><testcase classname="backend.tests.test_ai_insights.TestAIInsights" name="test_unauthorized_access_denied" time="2.497" /><testcase classname="backend.tests.test_ai_insights.TestAIInsights" name="test_ai_insights_with_real_llm_response_time" time="10.001" /><testcase classname="backend.tests.test_ai_insights.TestAIInsightsFrontendIntegration" name="test_gpt4o_powered_badge_data" time="6.840" /><testcase classname="backend.tests.test_ai_insights.TestAIInsightsFrontendIntegration" name="test_insight_types_for_styling" time="7.922" /><testcase classname="backend.tests.test_ai_insights.TestAIInsightsFrontendIntegration" name="test_priority_badges" time="7.173" /></testsuite></testsuites>