<?xml version="1.0" encoding="utf-8"?><testsuites name="pytest tests"><testsuite name="pytest" errors="0" failures="0" skipped="0" tests="14" time="12.161" timestamp="2026-02-21T08:51:20.725093+00:00" hostname="agent-env-c498f5b0-fb4b-4765-8f8e-115a4746d6b3"><testcase classname="backend.tests.test_phase1_features.TestAuth" name="test_login_success" time="0.870" /><testcase classname="backend.tests.test_phase1_features.TestUserManagement" name="test_get_users_list" time="0.444" /><testcase classname="backend.tests.test_phase1_features.TestUserManagement" name="test_create_test_user" time="0.646" /><testcase classname="backend.tests.test_phase1_features.TestUserManagement" name="test_change_user_password" time="1.541" /><testcase classname="backend.tests.test_phase1_features.TestUserManagement" name="test_change_own_password" time="0.657" /><testcase classname="backend.tests.test_phase1_features.TestUserManagement" name="test_toggle_user_status" time="1.093" /><testcase classname="backend.tests.test_phase1_features.TestUserManagement" name="test_delete_user" time="0.835" /><testcase classname="backend.tests.test_phase1_features.TestInternationalExams" name="test_create_exam_type" time="0.447" /><testcase classname="backend.tests.test_phase1_features.TestInternationalExams" name="test_get_exam_types" time="0.400" /><testcase classname="backend.tests.test_phase1_features.TestInternationalExams" name="test_delete_exam_type" time="0.497" /><testcase classname="backend.tests.test_phase1_features.TestInternationalExams" name="test_create_exam_booking" time="1.411" /><testcase classname="backend.tests.test_phase1_features.TestInternationalExams" name="test_get_exam_bookings" time="0.415" /><testcase classname="backend.tests.test_phase1_features.TestInternationalExams" name="test_update_booking_status" time="1.700" /><testcase classname="backend.tests.test_phase1_features.TestCleanup" name="test_cleanup_test_data" time="1.049" /></testsuite></testsuites>