<?xml version="1.0" encoding="utf-8"?><testsuites name="pytest tests"><testsuite name="pytest" errors="0" failures="0" skipped="0" tests="17" time="23.652" timestamp="2026-02-23T18:10:39.183467+00:00" hostname="agent-env-f5e62f1f-fc97-408f-93db-596baa137b93"><testcase classname="backend.tests.test_iteration6_new_features.TestAuth" name="test_admin_login" time="1.148" /><testcase classname="backend.tests.test_iteration6_new_features.TestNotificationEndpoints" name="test_get_unread_count" time="1.633" /><testcase classname="backend.tests.test_iteration6_new_features.TestNotificationEndpoints" name="test_get_all_notifications" time="0.700" /><testcase classname="backend.tests.test_iteration6_new_features.TestNotificationEndpoints" name="test_mark_all_as_read" time="0.671" /><testcase classname="backend.tests.test_iteration6_new_features.TestFollowupDueSoon" name="test_get_due_soon_followups" time="1.685" /><testcase classname="backend.tests.test_iteration6_new_features.TestFollowupDueSoon" name="test_get_overdue_followups" time="0.733" /><testcase classname="backend.tests.test_iteration6_new_features.TestWebhookEndpoints" name="test_get_webhook_info" time="1.862" /><testcase classname="backend.tests.test_iteration6_new_features.TestWebhookEndpoints" name="test_webhook_lead_capture_public_endpoint" time="1.781" /><testcase classname="backend.tests.test_iteration6_new_features.TestWebhookEndpoints" name="test_webhook_invalid_key_returns_404" time="0.698" /><testcase classname="backend.tests.test_iteration6_new_features.TestWebhookEndpoints" name="test_regenerate_webhook_key" time="1.414" /><testcase classname="backend.tests.test_iteration6_new_features.TestWebhookEndpoints" name="test_old_webhook_key_no_longer_works_after_regenerate" time="2.117" /><testcase classname="backend.tests.test_iteration6_new_features.TestTaskWithNotification" name="test_create_task_as_admin" time="2.606" /><testcase classname="backend.tests.test_iteration6_new_features.TestTaskWithNotification" name="test_notification_created_for_assigned_user" time="1.931" /><testcase classname="backend.tests.test_iteration6_new_features.TestTaskWithNotification" name="test_get_all_tasks" time="0.722" /><testcase classname="backend.tests.test_iteration6_new_features.TestPushSubscriptionEndpoints" name="test_get_vapid_public_key" time="1.792" /><testcase classname="backend.tests.test_iteration6_new_features.TestPushSubscriptionEndpoints" name="test_save_push_subscription" time="0.688" /><testcase classname="backend.tests.test_iteration6_new_features.TestPushSubscriptionEndpoints" name="test_delete_push_subscription" time="1.338" /></testsuite></testsuites>