<?xml version="1.0" encoding="utf-8"?><testsuites name="pytest tests"><testsuite name="pytest" errors="0" failures="0" skipped="1" tests="18" time="6.083" timestamp="2026-02-21T04:48:20.467687+00:00" hostname="agent-env-1374769a-a61d-4575-b66e-1cffe964c5cb"><testcase classname="backend.tests.test_iteration3_features.TestAuth" name="test_admin_login" time="0.760" /><testcase classname="backend.tests.test_iteration3_features.TestLeadSources" name="test_get_lead_sources" time="0.386" /><testcase classname="backend.tests.test_iteration3_features.TestLeadSources" name="test_create_lead_source" time="0.133" /><testcase classname="backend.tests.test_iteration3_features.TestLeadSources" name="test_create_duplicate_lead_source_fails" time="0.134" /><testcase classname="backend.tests.test_iteration3_features.TestLeadSources" name="test_delete_lead_source" time="0.286" /><testcase classname="backend.tests.test_iteration3_features.TestExpenseCategories" name="test_get_expense_categories" time="0.462" /><testcase classname="backend.tests.test_iteration3_features.TestExpenseCategories" name="test_create_expense_category" time="0.067" /><testcase classname="backend.tests.test_iteration3_features.TestExpenseCategories" name="test_delete_unused_category" time="0.197" /><testcase classname="backend.tests.test_iteration3_features.TestLeadSoftDelete" name="test_get_leads_excludes_deleted" time="0.408" /><testcase classname="backend.tests.test_iteration3_features.TestLeadSoftDelete" name="test_soft_delete_lead" time="0.744" /><testcase classname="backend.tests.test_iteration3_features.TestDeletedLeads" name="test_get_deleted_leads" time="0.377" /><testcase classname="backend.tests.test_iteration3_features.TestPaymentValidation" name="test_payment_exceeds_remaining_fee_rejected" time="0.469"><skipped type="pytest.skip" message="No remaining fee to test payment validation">/app/backend/tests/test_iteration3_features.py:345: No remaining fee to test payment validation</skipped></testcase><testcase classname="backend.tests.test_iteration3_features.TestAllPayments" name="test_get_all_payments" time="0.401" /><testcase classname="backend.tests.test_iteration3_features.TestAllPayments" name="test_payments_filter_by_payment_mode" time="0.076" /><testcase classname="backend.tests.test_iteration3_features.TestAllPayments" name="test_payments_filter_by_date_range" time="0.093" /><testcase classname="backend.tests.test_iteration3_features.TestPendingPayments" name="test_get_pending_payments" time="0.520" /><testcase classname="backend.tests.test_iteration3_features.TestPendingPayments" name="test_pending_payments_overdue_status" time="0.094" /><testcase classname="backend.tests.test_iteration3_features.TestProgramDisplay" name="test_leads_have_program_name" time="0.392" /></testsuite></testsuites>