<?xml version="1.0" encoding="utf-8"?><testsuites name="pytest tests"><testsuite name="pytest" errors="0" failures="1" skipped="0" tests="14" time="14.674" timestamp="2026-02-20T17:00:32.267623+00:00" hostname="agent-env-1374769a-a61d-4575-b66e-1cffe964c5cb"><testcase classname="backend.tests.test_new_features.TestPaymentReceiptWithBranchInfo" name="test_payment_has_branch_id_and_receipt_number" time="2.725"><failure message="AssertionError: Payment should have branch_id field&#10;assert 'branch_id' in {'amount': 10000.0, 'created_at': '2026-02-20T16:09:13.517551+00:00', 'created_by': '678dfa49-3e26-4c3c-a78c-efe7b031b6c2', 'enrollment_id': '14cd2fe0-e51f-458d-ae82-ca65dee4f71b', ...}">backend/tests/test_new_features.py:88: in test_payment_has_branch_id_and_receipt_number
    assert "branch_id" in payment, "Payment should have branch_id field"
E   AssertionError: Payment should have branch_id field
E   assert 'branch_id' in {'amount': 10000.0, 'created_at': '2026-02-20T16:09:13.517551+00:00', 'created_by': '678dfa49-3e26-4c3c-a78c-efe7b031b6c2', 'enrollment_id': '14cd2fe0-e51f-458d-ae82-ca65dee4f71b', ...}</failure></testcase><testcase classname="backend.tests.test_new_features.TestPaymentReceiptWithBranchInfo" name="test_receipt_api_returns_complete_data" time="1.922" /><testcase classname="backend.tests.test_new_features.TestMonthlyFinancialAnalytics" name="test_monthly_financial_api" time="0.634" /><testcase classname="backend.tests.test_new_features.TestMonthlyFinancialAnalytics" name="test_monthly_financial_with_year_param" time="0.654" /><testcase classname="backend.tests.test_new_features.TestBranchWiseFinancialSummary" name="test_branch_wise_financial_api" time="0.664" /><testcase classname="backend.tests.test_new_features.TestMarketingResources" name="test_get_resources_empty_or_existing" time="0.643" /><testcase classname="backend.tests.test_new_features.TestMarketingResources" name="test_create_brochure_resource" time="0.652" /><testcase classname="backend.tests.test_new_features.TestMarketingResources" name="test_create_creative_resource" time="0.660" /><testcase classname="backend.tests.test_new_features.TestMarketingResources" name="test_create_video_resource" time="0.847" /><testcase classname="backend.tests.test_new_features.TestMarketingResources" name="test_create_document_resource" time="0.654" /><testcase classname="backend.tests.test_new_features.TestMarketingResources" name="test_delete_resource" time="1.919" /><testcase classname="backend.tests.test_new_features.TestEnrolledStudentsPaymentStatus" name="test_enrollments_have_final_fee" time="1.285" /><testcase classname="backend.tests.test_new_features.TestAnalyticsOverview" name="test_overview_api" time="0.638" /><testcase classname="backend.tests.test_new_features.TestBranchWiseLeadAnalytics" name="test_branch_wise_analytics_api" time="0.651" /></testsuite></testsuites>