<?xml version="1.0" encoding="utf-8"?><testsuites name="pytest tests"><testsuite name="pytest" errors="0" failures="0" skipped="0" tests="16" time="37.571" timestamp="2026-02-21T07:18:42.739136+00:00" hostname="agent-env-c498f5b0-fb4b-4765-8f8e-115a4746d6b3"><testcase classname="backend.tests.test_iteration5_features.TestReportsAPI" name="test_reports_leads_type" time="2.303" /><testcase classname="backend.tests.test_iteration5_features.TestReportsAPI" name="test_reports_enrollments_type" time="1.946" /><testcase classname="backend.tests.test_iteration5_features.TestReportsAPI" name="test_reports_income_type" time="1.826" /><testcase classname="backend.tests.test_iteration5_features.TestReportsAPI" name="test_reports_expenses_type" time="1.643" /><testcase classname="backend.tests.test_iteration5_features.TestReportsAPI" name="test_reports_pending_payments_type" time="1.676" /><testcase classname="backend.tests.test_iteration5_features.TestReportsAPI" name="test_reports_with_branch_filter" time="2.634" /><testcase classname="backend.tests.test_iteration5_features.TestReportsAPI" name="test_reports_invalid_type" time="1.916" /><testcase classname="backend.tests.test_iteration5_features.TestBranchAdminPaymentOperations" name="test_get_all_payments" time="2.551" /><testcase classname="backend.tests.test_iteration5_features.TestBranchAdminPaymentOperations" name="test_delete_payment_permission_denied_for_counsellor" time="4.293" /><testcase classname="backend.tests.test_iteration5_features.TestBranchAdminPaymentOperations" name="test_update_payment_permission_denied_for_counsellor" time="3.741" /><testcase classname="backend.tests.test_iteration5_features.TestBranchAdminExpenseOperations" name="test_get_expenses" time="2.696" /><testcase classname="backend.tests.test_iteration5_features.TestBranchAdminExpenseOperations" name="test_delete_expense_permission_denied_for_counsellor" time="3.570" /><testcase classname="backend.tests.test_iteration5_features.TestAPIEndpointIntegration" name="test_reports_endpoint_exists" time="1.700" /><testcase classname="backend.tests.test_iteration5_features.TestAPIEndpointIntegration" name="test_payments_delete_endpoint_exists" time="1.702" /><testcase classname="backend.tests.test_iteration5_features.TestAPIEndpointIntegration" name="test_payments_update_endpoint_exists" time="1.639" /><testcase classname="backend.tests.test_iteration5_features.TestAPIEndpointIntegration" name="test_expenses_delete_endpoint_exists" time="1.676" /></testsuite></testsuites>