<?xml version="1.0" encoding="utf-8"?><testsuites name="pytest tests"><testsuite name="pytest" errors="0" failures="0" skipped="0" tests="14" time="26.118" timestamp="2026-02-28T13:26:03.484216+00:00" hostname="agent-env-e4f5a043-a683-42a6-bf0b-b7565fc4abe3"><testcase classname="backend.tests.test_meta_integration.TestMetaConfigAPIs" name="test_super_admin_login_success" time="1.384" /><testcase classname="backend.tests.test_meta_integration.TestMetaConfigAPIs" name="test_list_meta_configs_endpoint" time="1.584" /><testcase classname="backend.tests.test_meta_integration.TestMetaConfigAPIs" name="test_get_meta_config_for_branch" time="1.806" /><testcase classname="backend.tests.test_meta_integration.TestMetaConfigAPIs" name="test_create_or_update_meta_config" time="2.225" /><testcase classname="backend.tests.test_meta_integration.TestMetaAnalyticsAPI" name="test_branch_admin_login_success" time="0.944" /><testcase classname="backend.tests.test_meta_integration.TestMetaAnalyticsAPI" name="test_get_meta_analytics" time="1.625" /><testcase classname="backend.tests.test_meta_integration.TestMetaAnalyticsAPI" name="test_get_meta_analytics_with_days_param" time="1.617" /><testcase classname="backend.tests.test_meta_integration.TestMetaLeadsAPI" name="test_get_meta_leads" time="1.596" /><testcase classname="backend.tests.test_meta_integration.TestMetaLeadsAPI" name="test_get_meta_leads_filtered_by_branch" time="1.598" /><testcase classname="backend.tests.test_meta_integration.TestMetaWebhook" name="test_webhook_verification_endpoint_exists" time="0.708" /><testcase classname="backend.tests.test_meta_integration.TestMetaWebhook" name="test_webhook_post_endpoint_exists" time="0.743" /><testcase classname="backend.tests.test_meta_integration.TestAccessControl" name="test_super_admin_access_to_configs" time="1.575" /><testcase classname="backend.tests.test_meta_integration.TestAccessControl" name="test_branch_admin_no_access_to_configs_list" time="1.597" /><testcase classname="backend.tests.test_meta_integration.TestAccessControl" name="test_branch_admin_access_to_own_analytics" time="7.046" /></testsuite></testsuites>