<?xml version="1.0" encoding="utf-8"?><testsuites name="pytest tests"><testsuite name="pytest" errors="0" failures="0" skipped="0" tests="16" time="6.355" timestamp="2026-03-10T16:50:31.579862+00:00" hostname="agent-env-f5a43bc2-f26d-4449-b6e4-fb218dc7d125"><testcase classname="backend.tests.test_iteration23_sessions.TestAuthSessions" name="test_get_sessions_returns_list" time="0.896" /><testcase classname="backend.tests.test_iteration23_sessions.TestAuthSessions" name="test_sessions_start_from_2016" time="0.092" /><testcase classname="backend.tests.test_iteration23_sessions.TestAuthSessions" name="test_current_session_is_2025" time="0.097" /><testcase classname="backend.tests.test_iteration23_sessions.TestAuthSessions" name="test_session_format_is_correct" time="0.076" /><testcase classname="backend.tests.test_iteration23_sessions.TestLoginWithSession" name="test_login_super_admin_with_session" time="0.523" /><testcase classname="backend.tests.test_iteration23_sessions.TestLoginWithSession" name="test_login_branch_admin_with_session" time="0.298" /><testcase classname="backend.tests.test_iteration23_sessions.TestLoginWithSession" name="test_login_defaults_to_current_session" time="0.345" /><testcase classname="backend.tests.test_iteration23_sessions.TestLeadsSessionFilter" name="test_leads_with_session_2024" time="0.420" /><testcase classname="backend.tests.test_iteration23_sessions.TestLeadsSessionFilter" name="test_leads_with_session_2025" time="0.430" /><testcase classname="backend.tests.test_iteration23_sessions.TestLeadsSessionFilter" name="test_leads_with_all_sessions" time="0.379" /><testcase classname="backend.tests.test_iteration23_sessions.TestLeadsSessionFilter" name="test_leads_with_header_session" time="0.626" /><testcase classname="backend.tests.test_iteration23_sessions.TestEnrollmentsSessionFilter" name="test_enrollments_with_session_2024" time="0.427" /><testcase classname="backend.tests.test_iteration23_sessions.TestEnrollmentsSessionFilter" name="test_enrollments_with_session_2025" time="0.375" /><testcase classname="backend.tests.test_iteration23_sessions.TestPaymentsSessionFilter" name="test_payments_with_session_2024" time="0.382" /><testcase classname="backend.tests.test_iteration23_sessions.TestPaymentsSessionFilter" name="test_payments_with_session_2025" time="0.390" /><testcase classname="backend.tests.test_iteration23_sessions.TestSessionFilterDifferentCounts" name="test_session_filter_changes_leads_count" time="0.535" /></testsuite></testsuites>