<?xml version="1.0" encoding="utf-8"?><testsuites name="pytest tests"><testsuite name="pytest" errors="0" failures="1" skipped="1" tests="18" time="7.099" timestamp="2026-02-21T04:46:14.014341+00:00" hostname="agent-env-1374769a-a61d-4575-b66e-1cffe964c5cb"><testcase classname="backend.tests.test_iteration3_features.TestAuth" name="test_admin_login" time="0.564" /><testcase classname="backend.tests.test_iteration3_features.TestLeadSources" name="test_get_lead_sources" time="0.476" /><testcase classname="backend.tests.test_iteration3_features.TestLeadSources" name="test_create_lead_source" time="0.142" /><testcase classname="backend.tests.test_iteration3_features.TestLeadSources" name="test_create_duplicate_lead_source_fails" time="0.161" /><testcase classname="backend.tests.test_iteration3_features.TestLeadSources" name="test_delete_lead_source" time="0.209" /><testcase classname="backend.tests.test_iteration3_features.TestExpenseCategories" name="test_get_expense_categories" time="0.527" /><testcase classname="backend.tests.test_iteration3_features.TestExpenseCategories" name="test_create_expense_category" time="0.112" /><testcase classname="backend.tests.test_iteration3_features.TestExpenseCategories" name="test_delete_unused_category" time="0.219" /><testcase classname="backend.tests.test_iteration3_features.TestLeadSoftDelete" name="test_get_leads_excludes_deleted" time="0.528" /><testcase classname="backend.tests.test_iteration3_features.TestLeadSoftDelete" name="test_soft_delete_lead" time="1.164" /><testcase classname="backend.tests.test_iteration3_features.TestDeletedLeads" name="test_get_deleted_leads" time="0.489"><failure message="AssertionError: Failed to get deleted leads: {&quot;detail&quot;:&quot;Lead not found&quot;}&#10;assert 404 == 200&#10; +  where 404 = &lt;Response [404]&gt;.status_code">backend/tests/test_iteration3_features.py:277: in test_get_deleted_leads
    assert response.status_code == 200, f"Failed to get deleted leads: {response.text}"
E   AssertionError: Failed to get deleted leads: {"detail":"Lead not found"}
E   assert 404 == 200
E    +  where 404 = &lt;Response [404]&gt;.status_code</failure></testcase><testcase classname="backend.tests.test_iteration3_features.TestPaymentValidation" name="test_payment_exceeds_remaining_fee_rejected" time="0.633"><skipped type="pytest.skip" message="No remaining fee to test payment validation">/app/backend/tests/test_iteration3_features.py:338: No remaining fee to test payment validation</skipped></testcase><testcase classname="backend.tests.test_iteration3_features.TestAllPayments" name="test_get_all_payments" time="0.572" /><testcase classname="backend.tests.test_iteration3_features.TestAllPayments" name="test_payments_filter_by_payment_mode" time="0.076" /><testcase classname="backend.tests.test_iteration3_features.TestAllPayments" name="test_payments_filter_by_date_range" time="0.091" /><testcase classname="backend.tests.test_iteration3_features.TestPendingPayments" name="test_get_pending_payments" time="0.509" /><testcase classname="backend.tests.test_iteration3_features.TestPendingPayments" name="test_pending_payments_overdue_status" time="0.081" /><testcase classname="backend.tests.test_iteration3_features.TestProgramDisplay" name="test_leads_have_program_name" time="0.387" /></testsuite></testsuites>