<?xml version="1.0" encoding="utf-8"?><testsuites name="pytest tests"><testsuite name="pytest" errors="0" failures="0" skipped="0" tests="11" time="3.995" timestamp="2026-04-05T07:37:55.092260+00:00" hostname="agent-env-2e484287-6539-48a1-a793-5bf640720d1a"><testcase classname="backend.tests.test_view_followups.TestViewFollowupsAPI" name="test_branch_admin_can_view_followups" time="0.900" /><testcase classname="backend.tests.test_view_followups.TestViewFollowupsAPI" name="test_super_admin_can_view_followups" time="0.341" /><testcase classname="backend.tests.test_view_followups.TestViewFollowupsAPI" name="test_counsellor_can_view_followups" time="0.331" /><testcase classname="backend.tests.test_view_followups.TestViewFollowupsAPI" name="test_followups_sorted_by_date_descending" time="0.325" /><testcase classname="backend.tests.test_view_followups.TestViewFollowupsAPI" name="test_followups_for_nonexistent_lead" time="0.347" /><testcase classname="backend.tests.test_view_followups.TestViewFollowupsAPI" name="test_unauthorized_access_without_token" time="0.079" /><testcase classname="backend.tests.test_view_followups.TestAuthEndpoints" name="test_branch_admin_login" time="0.298" /><testcase classname="backend.tests.test_view_followups.TestAuthEndpoints" name="test_super_admin_login" time="0.310" /><testcase classname="backend.tests.test_view_followups.TestAuthEndpoints" name="test_counsellor_login" time="0.304" /><testcase classname="backend.tests.test_view_followups.TestLeadsEndpoint" name="test_get_leads_list" time="0.346" /><testcase classname="backend.tests.test_view_followups.TestLeadsEndpoint" name="test_get_specific_lead" time="0.334" /></testsuite></testsuites>