<?xml version="1.0" encoding="utf-8"?><testsuites name="pytest tests"><testsuite name="pytest" errors="0" failures="0" skipped="0" tests="16" time="26.785" timestamp="2026-02-27T11:25:52.440295+00:00" hostname="agent-env-25dd7ca3-d2ec-4a95-b319-16d991432de8"><testcase classname="backend.tests.test_iteration17_features.TestAuthentication" name="test_fde_login" time="1.233" /><testcase classname="backend.tests.test_iteration17_features.TestAuthentication" name="test_branch_admin_login" time="1.142" /><testcase classname="backend.tests.test_iteration17_features.TestAuthentication" name="test_counsellor_login" time="0.934" /><testcase classname="backend.tests.test_iteration17_features.TestCashHandlingFDE" name="test_fde_can_get_today_cash" time="1.897" /><testcase classname="backend.tests.test_iteration17_features.TestCashHandlingFDE" name="test_fde_can_submit_deposit_with_remarks" time="0.667" /><testcase classname="backend.tests.test_iteration17_features.TestCashHandlingFDE" name="test_fde_can_submit_deposit_with_receipt_url" time="0.648" /><testcase classname="backend.tests.test_iteration17_features.TestCashHandlingBranchAdmin" name="test_branch_admin_can_view_history" time="1.587" /><testcase classname="backend.tests.test_iteration17_features.TestCashHandlingBranchAdmin" name="test_branch_admin_can_filter_history_by_date" time="1.246" /><testcase classname="backend.tests.test_iteration17_features.TestCashHandlingAccessControl" name="test_counsellor_cannot_access_cash_history" time="7.436" /><testcase classname="backend.tests.test_iteration17_features.TestStudentsPaymentPlan" name="test_get_students_with_has_payment_plan_field" time="5.877" /><testcase classname="backend.tests.test_iteration17_features.TestStudentsPaymentPlan" name="test_find_student_without_plan" time="0.827" /><testcase classname="backend.tests.test_iteration17_features.TestNotifications" name="test_get_notifications" time="0.648" /><testcase classname="backend.tests.test_iteration17_features.TestNotifications" name="test_get_unread_notifications" time="0.647" /><testcase classname="backend.tests.test_iteration17_features.TestFollowupReminders" name="test_get_followup_reminders" time="0.644" /><testcase classname="backend.tests.test_iteration17_features.TestLeadConvertedNotification" name="test_notification_exists_for_lead_conversion" time="0.635" /><testcase classname="backend.tests.test_iteration17_features.TestEnrollmentsPagePlanButton" name="test_get_enrollments_for_enrolled_tab" time="0.646" /></testsuite></testsuites>